# JRE version: OpenJDK Runtime Environment (8.0_152-b01) (build 1.8.0_152-release-1248-b01)
# Java VM: OpenJDK 64-Bit Server VM (25.152-b01 mixed mode linux-amd64 compressed oops)
Heap:
 PSYoungGen      total 385536K, used 280716K [0x00000000e0000000, 0x0000000100000000, 0x0000000100000000)
  eden space 275456K, 65% used [0x00000000e0000000,0x00000000eafd83a8,0x00000000f0d00000)
  from space 110080K, 91% used [0x00000000f9480000,0x00000000ff6cb040,0x0000000100000000)
  to   space 124416K, 0% used [0x00000000f0d00000,0x00000000f0d00000,0x00000000f8680000)
 ParOldGen       total 692224K, used 276391K [0x00000000a0000000, 0x00000000ca400000, 0x00000000e0000000)
  object space 692224K, 39% used [0x00000000a0000000,0x00000000b0de9e68,0x00000000ca400000)
 Metaspace       used 318914K, capacity 335388K, committed 335552K, reserved 1341440K
  class space    used 40300K, capacity 43420K, committed 43496K, reserved 1048576K
GC Heap History (10 events):
Event: 5577,799 GC heap before
{Heap before GC invocations=196 (full 15):
 PSYoungGen      total 404480K, used 336473K [0x00000000e0000000, 0x00000000ffb80000, 0x0000000100000000)
  eden space 288256K, 99% used [0x00000000e0000000,0x00000000f18d5da0,0x00000000f1980000)
  from space 116224K, 42% used [0x00000000f8a00000,0x00000000fb9c0760,0x00000000ffb80000)
  to   space 115200K, 0% used [0x00000000f1980000,0x00000000f1980000,0x00000000f8a00000)
 ParOldGen       total 658432K, used 543184K [0x00000000a0000000, 0x00000000c8300000, 0x00000000e0000000)
  object space 658432K, 82% used [0x00000000a0000000,0x00000000c1274248,0x00000000c8300000)
 Metaspace       used 300160K, capacity 315776K, committed 316096K, reserved 1325056K
  class space    used 37884K, capacity 40834K, committed 40936K, reserved 1048576K
Event: 5577,822 GC heap after
Heap after GC invocations=196 (full 15):
 PSYoungGen      total 403456K, used 18574K [0x00000000e0000000, 0x00000000ffa00000, 0x0000000100000000)
  eden space 288256K, 0% used [0x00000000e0000000,0x00000000e0000000,0x00000000f1980000)
  from space 115200K, 16% used [0x00000000f1980000,0x00000000f2ba3a50,0x00000000f8a00000)
  to   space 112640K, 0% used [0x00000000f8c00000,0x00000000f8c00000,0x00000000ffa00000)
 ParOldGen       total 658432K, used 587007K [0x00000000a0000000, 0x00000000c8300000, 0x00000000e0000000)
  object space 658432K, 89% used [0x00000000a0000000,0x00000000c3d3ffe8,0x00000000c8300000)
 Metaspace       used 300160K, capacity 315776K, committed 316096K, reserved 1325056K
  class space    used 37884K, capacity 40834K, committed 40936K, reserved 1048576K
}
Event: 5613,139 GC heap before
{Heap before GC invocations=197 (full 15):
 PSYoungGen      total 403456K, used 306830K [0x00000000e0000000, 0x00000000ffa00000, 0x0000000100000000)
  eden space 288256K, 100% used [0x00000000e0000000,0x00000000f1980000,0x00000000f1980000)
  from space 115200K, 16% used [0x00000000f1980000,0x00000000f2ba3a50,0x00000000f8a00000)
  to   space 112640K, 0% used [0x00000000f8c00000,0x00000000f8c00000,0x00000000ffa00000)
 ParOldGen       total 658432K, used 587007K [0x00000000a0000000, 0x00000000c8300000, 0x00000000e0000000)
  object space 658432K, 89% used [0x00000000a0000000,0x00000000c3d3ffe8,0x00000000c8300000)
 Metaspace       used 302274K, capacity 318002K, committed 318272K, reserved 1327104K
  class space    used 38172K, capacity 41147K, committed 41320K, reserved 1048576K
Event: 5613,158 GC heap after
Heap after GC invocations=197 (full 15):
 PSYoungGen      total 404480K, used 50367K [0x00000000e0000000, 0x00000000ff580000, 0x0000000100000000)
  eden space 296448K, 0% used [0x00000000e0000000,0x00000000e0000000,0x00000000f2180000)
  from space 108032K, 46% used [0x00000000f8c00000,0x00000000fbd2fc90,0x00000000ff580000)
  to   space 108544K, 0% used [0x00000000f2180000,0x00000000f2180000,0x00000000f8b80000)
 ParOldGen       total 658432K, used 597742K [0x00000000a0000000, 0x00000000c8300000, 0x00000000e0000000)
  object space 658432K, 90% used [0x00000000a0000000,0x00000000c47bb920,0x00000000c8300000)
 Metaspace       used 302274K, capacity 318002K, committed 318272K, reserved 1327104K
  class space    used 38172K, capacity 41147K, committed 41320K, reserved 1048576K
}
Event: 5614,532 GC heap before
{Heap before GC invocations=198 (full 15):
 PSYoungGen      total 404480K, used 346815K [0x00000000e0000000, 0x00000000ff580000, 0x0000000100000000)
  eden space 296448K, 100% used [0x00000000e0000000,0x00000000f2180000,0x00000000f2180000)
  from space 108032K, 46% used [0x00000000f8c00000,0x00000000fbd2fc90,0x00000000ff580000)
  to   space 108544K, 0% used [0x00000000f2180000,0x00000000f2180000,0x00000000f8b80000)
 ParOldGen       total 658432K, used 597742K [0x00000000a0000000, 0x00000000c8300000, 0x00000000e0000000)
  object space 658432K, 90% used [0x00000000a0000000,0x00000000c47bb920,0x00000000c8300000)
 Metaspace       used 316526K, capacity 332634K, committed 332864K, reserved 1339392K
  class space    used 39983K, capacity 43023K, committed 43112K, reserved 1048576K
Event: 5614,573 GC heap after
Heap after GC invocations=198 (full 15):
 PSYoungGen      total 404992K, used 64497K [0x00000000e0000000, 0x0000000100000000, 0x0000000100000000)
  eden space 296448K, 0% used [0x00000000e0000000,0x00000000e0000000,0x00000000f2180000)
  from space 108544K, 59% used [0x00000000f2180000,0x00000000f607c6b8,0x00000000f8b80000)
  to   space 110080K, 0% used [0x00000000f9480000,0x00000000f9480000,0x0000000100000000)
 ParOldGen       total 658432K, used 642675K [0x00000000a0000000, 0x00000000c8300000, 0x00000000e0000000)
  object space 658432K, 97% used [0x00000000a0000000,0x00000000c739cf38,0x00000000c8300000)
 Metaspace       used 316526K, capacity 332634K, committed 332864K, reserved 1339392K
  class space    used 39983K, capacity 43023K, committed 43112K, reserved 1048576K
}
Event: 5614,573 GC heap before
{Heap before GC invocations=199 (full 16):
 PSYoungGen      total 404992K, used 64497K [0x00000000e0000000, 0x0000000100000000, 0x0000000100000000)
  eden space 296448K, 0% used [0x00000000e0000000,0x00000000e0000000,0x00000000f2180000)
  from space 108544K, 59% used [0x00000000f2180000,0x00000000f607c6b8,0x00000000f8b80000)
  to   space 110080K, 0% used [0x00000000f9480000,0x00000000f9480000,0x0000000100000000)
 ParOldGen       total 658432K, used 642675K [0x00000000a0000000, 0x00000000c8300000, 0x00000000e0000000)
  object space 658432K, 97% used [0x00000000a0000000,0x00000000c739cf38,0x00000000c8300000)
 Metaspace       used 316526K, capacity 332634K, committed 332864K, reserved 1339392K
  class space    used 39983K, capacity 43023K, committed 43112K, reserved 1048576K
Event: 5614,882 GC heap after
Heap after GC invocations=199 (full 16):
 PSYoungGen      total 404992K, used 0K [0x00000000e0000000, 0x0000000100000000, 0x0000000100000000)
  eden space 296448K, 0% used [0x00000000e0000000,0x00000000e0000000,0x00000000f2180000)
  from space 108544K, 0% used [0x00000000f2180000,0x00000000f2180000,0x00000000f8b80000)
  to   space 110080K, 0% used [0x00000000f9480000,0x00000000f9480000,0x0000000100000000)
 ParOldGen       total 692224K, used 276383K [0x00000000a0000000, 0x00000000ca400000, 0x00000000e0000000)
  object space 692224K, 39% used [0x00000000a0000000,0x00000000b0de7e68,0x00000000ca400000)
 Metaspace       used 316503K, capacity 332546K, committed 332864K, reserved 1339392K
  class space    used 39976K, capacity 43015K, committed 43112K, reserved 1048576K
}
Event: 5615,598 GC heap before
{Heap before GC invocations=200 (full 16):
 PSYoungGen      total 404992K, used 296448K [0x00000000e0000000, 0x0000000100000000, 0x0000000100000000)
  eden space 296448K, 100% used [0x00000000e0000000,0x00000000f2180000,0x00000000f2180000)
  from space 108544K, 0% used [0x00000000f2180000,0x00000000f2180000,0x00000000f8b80000)
  to   space 110080K, 0% used [0x00000000f9480000,0x00000000f9480000,0x0000000100000000)
 ParOldGen       total 692224K, used 276383K [0x00000000a0000000, 0x00000000ca400000, 0x00000000e0000000)
  object space 692224K, 39% used [0x00000000a0000000,0x00000000b0de7e68,0x00000000ca400000)
 Metaspace       used 318913K, capacity 335388K, committed 335552K, reserved 1341440K
  class space    used 40300K, capacity 43420K, committed 43496K, reserved 1048576K
Event: 5615,626 GC heap after
Heap after GC invocations=200 (full 16):
 PSYoungGen      total 385536K, used 100652K [0x00000000e0000000, 0x0000000100000000, 0x0000000100000000)
  eden space 275456K, 0% used [0x00000000e0000000,0x00000000e0000000,0x00000000f0d00000)
  from space 110080K, 91% used [0x00000000f9480000,0x00000000ff6cb040,0x0000000100000000)
  to   space 124416K, 0% used [0x00000000f0d00000,0x00000000f0d00000,0x00000000f8680000)
 ParOldGen       total 692224K, used 276391K [0x00000000a0000000, 0x00000000ca400000, 0x00000000e0000000)
  object space 692224K, 39% used [0x00000000a0000000,0x00000000b0de9e68,0x00000000ca400000)
 Metaspace       used 318913K, capacity 335388K, committed 335552K, reserved 1341440K
  class space    used 40300K, capacity 43420K, committed 43496K, reserved 1048576K
}

